Build started 06/09/2014 01:34:33 ص.
     1>Project "C:\Users\Hoda\Documents\Visual Studio 2010\Projects\MasterMindFinal\MasterMindFinal\MasterMindFinal\MasterMindFinal.vcxproj" on node 2 (build target(s)).
     1>InitializeBuildStatus:
         Creating "Debug\MasterMindFinal.unsuccessfulbuild" because "AlwaysCreate" was specified.
       ClCompile:
         C:\Program Files (x86)\Microsoft Visual Studio 10.0\VC\bin\CL.exe /c /ZI /nologo /W3 /WX- /Od /Oy- /D WIN32 /D _DEBUG /D _CONSOLE /D _UNICODE /D UNICODE /Gm /EHsc /RTC1 /MDd /GS /fp:precise /Zc:wchar_t /Zc:forScope /Fo"Debug\\" /Fd"Debug\vc100.pdb" /Gd /TP /analyze- /errorReport:prompt mastermind.cpp
         mastermind.cpp
     1>c:\users\hoda\documents\visual studio 2010\projects\mastermindfinal\mastermindfinal\mastermindfinal\mastermind.cpp(10): warning C4005: 'SND_FILENAME' : macro redefinition
                 c:\program files (x86)\microsoft sdks\windows\v7.0a\include\mmsystem.h(450) : see previous definition of 'SND_FILENAME'
     1>c:\users\hoda\documents\visual studio 2010\projects\mastermindfinal\mastermindfinal\mastermindfinal\mastermind.cpp(11): warning C4005: 'SND_LOOP' : macro redefinition
                 c:\program files (x86)\microsoft sdks\windows\v7.0a\include\mmsystem.h(444) : see previous definition of 'SND_LOOP'
     1>c:\users\hoda\documents\visual studio 2010\projects\mastermindfinal\mastermindfinal\mastermindfinal\mastermind.cpp(12): warning C4005: 'SND_ASYNC' : macro redefinition
                 c:\program files (x86)\microsoft sdks\windows\v7.0a\include\mmsystem.h(441) : see previous definition of 'SND_ASYNC'
     1>c:\users\hoda\documents\visual studio 2010\projects\mastermindfinal\mastermindfinal\mastermindfinal\mastermind.cpp(56): warning C4018: '<' : signed/unsigned mismatch
     1>c:\users\hoda\documents\visual studio 2010\projects\mastermindfinal\mastermindfinal\mastermindfinal\mastermind.cpp(85): warning C4018: '<' : signed/unsigned mismatch
     1>c:\users\hoda\documents\visual studio 2010\projects\mastermindfinal\mastermindfinal\mastermindfinal\mastermind.cpp(92): warning C4018: '<' : signed/unsigned mismatch
     1>c:\users\hoda\documents\visual studio 2010\projects\mastermindfinal\mastermindfinal\mastermindfinal\mastermind.cpp(213): warning C4018: '<' : signed/unsigned mismatch
     1>c:\users\hoda\documents\visual studio 2010\projects\mastermindfinal\mastermindfinal\mastermindfinal\mastermind.cpp(233): warning C4996: 'getch': The POSIX name for this item is deprecated. Instead, use the ISO C++ conformant name: _getch. See online help for details.
                 c:\program files (x86)\microsoft visual studio 10.0\vc\include\conio.h(128) : see declaration of 'getch'
     1>c:\users\hoda\documents\visual studio 2010\projects\mastermindfinal\mastermindfinal\mastermindfinal\mastermind.cpp(340): warning C4996: 'getch': The POSIX name for this item is deprecated. Instead, use the ISO C++ conformant name: _getch. See online help for details.
                 c:\program files (x86)\microsoft visual studio 10.0\vc\include\conio.h(128) : see declaration of 'getch'
     1>c:\users\hoda\documents\visual studio 2010\projects\mastermindfinal\mastermindfinal\mastermindfinal\mastermind.cpp(403): warning C4018: '<' : signed/unsigned mismatch
     1>c:\users\hoda\documents\visual studio 2010\projects\mastermindfinal\mastermindfinal\mastermindfinal\mastermind.cpp(388): warning C4101: 'passwordcheck' : unreferenced local variable
       ManifestResourceCompile:
         C:\Program Files (x86)\Microsoft SDKs\Windows\v7.0A\bin\rc.exe /nologo /fo"Debug\MasterMindFinal.exe.embed.manifest.res" Debug\MasterMindFinal_manifest.rc 
       Link:
         C:\Program Files (x86)\Microsoft Visual Studio 10.0\VC\bin\link.exe /ERRORREPORT:PROMPT /OUT:"C:\Users\Hoda\Documents\Visual Studio 2010\Projects\MasterMindFinal\MasterMindFinal\Debug\MasterMindFinal.exe" /INCREMENTAL /NOLOGO kernel32.lib user32.lib gdi32.lib winspool.lib comdlg32.lib advapi32.lib shell32.lib ole32.lib oleaut32.lib uuid.lib odbc32.lib odbccp32.lib /MANIFEST /ManifestFile:"Debug\MasterMindFinal.exe.intermediate.manifest" /MANIFESTUAC:"level='asInvoker' uiAccess='false'" /DEBUG /PDB:"C:\Users\Hoda\Documents\Visual Studio 2010\Projects\MasterMindFinal\MasterMindFinal\Debug\MasterMindFinal.pdb" /SUBSYSTEM:CONSOLE /TLBID:1 /DYNAMICBASE /NXCOMPAT /IMPLIB:"C:\Users\Hoda\Documents\Visual Studio 2010\Projects\MasterMindFinal\MasterMindFinal\Debug\MasterMindFinal.lib" /MACHINE:X86 Debug\MasterMindFinal.exe.embed.manifest.res
         Debug\mastermind.obj
       Manifest:
         Deleting file "Debug\MasterMindFinal.exe.embed.manifest".
         C:\Program Files (x86)\Microsoft SDKs\Windows\v7.0A\bin\mt.exe /nologo /verbose /out:"Debug\MasterMindFinal.exe.embed.manifest" /manifest Debug\MasterMindFinal.exe.intermediate.manifest
         C:\Program Files (x86)\Microsoft SDKs\Windows\v7.0A\bin\rc.exe /nologo /fo"Debug\MasterMindFinal.exe.embed.manifest.res" Debug\MasterMindFinal_manifest.rc 
       LinkEmbedManifest:
         C:\Program Files (x86)\Microsoft Visual Studio 10.0\VC\bin\link.exe /ERRORREPORT:PROMPT /OUT:"C:\Users\Hoda\Documents\Visual Studio 2010\Projects\MasterMindFinal\MasterMindFinal\Debug\MasterMindFinal.exe" /INCREMENTAL /NOLOGO kernel32.lib user32.lib gdi32.lib winspool.lib comdlg32.lib advapi32.lib shell32.lib ole32.lib oleaut32.lib uuid.lib odbc32.lib odbccp32.lib /MANIFEST /ManifestFile:"Debug\MasterMindFinal.exe.intermediate.manifest" /MANIFESTUAC:"level='asInvoker' uiAccess='false'" /DEBUG /PDB:"C:\Users\Hoda\Documents\Visual Studio 2010\Projects\MasterMindFinal\MasterMindFinal\Debug\MasterMindFinal.pdb" /SUBSYSTEM:CONSOLE /TLBID:1 /DYNAMICBASE /NXCOMPAT /IMPLIB:"C:\Users\Hoda\Documents\Visual Studio 2010\Projects\MasterMindFinal\MasterMindFinal\Debug\MasterMindFinal.lib" /MACHINE:X86 Debug\MasterMindFinal.exe.embed.manifest.res
         Debug\mastermind.obj
         MasterMindFinal.vcxproj -> C:\Users\Hoda\Documents\Visual Studio 2010\Projects\MasterMindFinal\MasterMindFinal\Debug\MasterMindFinal.exe
       FinalizeBuildStatus:
         Deleting file "Debug\MasterMindFinal.unsuccessfulbuild".
         Touching "Debug\MasterMindFinal.lastbuildstate".
     1>Done Building Project "C:\Users\Hoda\Documents\Visual Studio 2010\Projects\MasterMindFinal\MasterMindFinal\MasterMindFinal\MasterMindFinal.vcxproj" (build target(s)).

Build succeeded.

Time Elapsed 00:00:05.44
